# JRE version: Java(TM) SE Runtime Environment (8.0_151-b12) (build 1.8.0_151-b12)
# Java VM: Java HotSpot(TM) 64-Bit Server VM (25.151-b12 mixed mode windows-amd64 compressed oops)
Heap:
 PSYoungGen      total 51712K, used 25485K [0x00000000e0000000, 0x00000000e4b00000, 0x0000000100000000)
  eden space 47616K, 45% used [0x00000000e0000000,0x00000000e154d048,0x00000000e2e80000)
  from space 4096K, 89% used [0x00000000e4700000,0x00000000e4a96778,0x00000000e4b00000)
  to   space 7680K, 0% used [0x00000000e3c00000,0x00000000e3c00000,0x00000000e4380000)
 ParOldGen       total 38400K, used 9170K [0x00000000a0000000, 0x00000000a2580000, 0x00000000e0000000)
  object space 38400K, 23% used [0x00000000a0000000,0x00000000a08f4b60,0x00000000a2580000)
 Metaspace       used 25607K, capacity 25930K, committed 26032K, reserved 1071104K
  class space    used 3560K, capacity 3695K, committed 3760K, reserved 1048576K
GC Heap History (10 events):
Event: 2.886 GC heap before
{Heap before GC invocations=5 (full 0):
 PSYoungGen      total 18944K, used 18912K [0x00000000e0000000, 0x00000000e1500000, 0x0000000100000000)
  eden space 16384K, 100% used [0x00000000e0000000,0x00000000e1000000,0x00000000e1000000)
  from space 2560K, 98% used [0x00000000e1280000,0x00000000e14f8040,0x00000000e1500000)
  to   space 2560K, 0% used [0x00000000e1000000,0x00000000e1000000,0x00000000e1280000)
 ParOldGen       total 44032K, used 4149K [0x00000000a0000000, 0x00000000a2b00000, 0x00000000e0000000)
  object space 44032K, 9% used [0x00000000a0000000,0x00000000a040d498,0x00000000a2b00000)
 Metaspace       used 13787K, capacity 14202K, committed 14464K, reserved 1060864K
  class space    used 1962K, capacity 2113K, committed 2176K, reserved 1048576K
Event: 2.892 GC heap after
Heap after GC invocations=5 (full 0):
 PSYoungGen      total 18944K, used 2544K [0x00000000e0000000, 0x00000000e2b00000, 0x0000000100000000)
  eden space 16384K, 0% used [0x00000000e0000000,0x00000000e0000000,0x00000000e1000000)
  from space 2560K, 99% used [0x00000000e1000000,0x00000000e127c010,0x00000000e1280000)
  to   space 5632K, 0% used [0x00000000e2580000,0x00000000e2580000,0x00000000e2b00000)
 ParOldGen       total 44032K, used 6026K [0x00000000a0000000, 0x00000000a2b00000, 0x00000000e0000000)
  object space 44032K, 13% used [0x00000000a0000000,0x00000000a05e2a20,0x00000000a2b00000)
 Metaspace       used 13787K, capacity 14202K, committed 14464K, reserved 1060864K
  class space    used 1962K, capacity 2113K, committed 2176K, reserved 1048576K
}
Event: 3.509 GC heap before
{Heap before GC invocations=6 (full 0):
 PSYoungGen      total 18944K, used 18928K [0x00000000e0000000, 0x00000000e2b00000, 0x0000000100000000)
  eden space 16384K, 100% used [0x00000000e0000000,0x00000000e1000000,0x00000000e1000000)
  from space 2560K, 99% used [0x00000000e1000000,0x00000000e127c010,0x00000000e1280000)
  to   space 5632K, 0% used [0x00000000e2580000,0x00000000e2580000,0x00000000e2b00000)
 ParOldGen       total 44032K, used 6026K [0x00000000a0000000, 0x00000000a2b00000, 0x00000000e0000000)
  object space 44032K, 13% used [0x00000000a0000000,0x00000000a05e2a20,0x00000000a2b00000)
 Metaspace       used 15796K, capacity 16154K, committed 16256K, reserved 1062912K
  class space    used 2276K, capacity 2401K, committed 2432K, reserved 1048576K
Event: 3.520 GC heap after
Heap after GC invocations=6 (full 0):
 PSYoungGen      total 37888K, used 5149K [0x00000000e0000000, 0x00000000e2c00000, 0x0000000100000000)
  eden space 32256K, 0% used [0x00000000e0000000,0x00000000e0000000,0x00000000e1f80000)
  from space 5632K, 91% used [0x00000000e2580000,0x00000000e2a87550,0x00000000e2b00000)
  to   space 6144K, 0% used [0x00000000e1f80000,0x00000000e1f80000,0x00000000e2580000)
 ParOldGen       total 44032K, used 6034K [0x00000000a0000000, 0x00000000a2b00000, 0x00000000e0000000)
  object space 44032K, 13% used [0x00000000a0000000,0x00000000a05e4a20,0x00000000a2b00000)
 Metaspace       used 15796K, capacity 16154K, committed 16256K, reserved 1062912K
  class space    used 2276K, capacity 2401K, committed 2432K, reserved 1048576K
}
Event: 4.511 GC heap before
{Heap before GC invocations=7 (full 0):
 PSYoungGen      total 37888K, used 34480K [0x00000000e0000000, 0x00000000e2c00000, 0x0000000100000000)
  eden space 32256K, 90% used [0x00000000e0000000,0x00000000e1ca4c88,0x00000000e1f80000)
  from space 5632K, 91% used [0x00000000e2580000,0x00000000e2a87550,0x00000000e2b00000)
  to   space 6144K, 0% used [0x00000000e1f80000,0x00000000e1f80000,0x00000000e2580000)
 ParOldGen       total 44032K, used 6034K [0x00000000a0000000, 0x00000000a2b00000, 0x00000000e0000000)
  object space 44032K, 13% used [0x00000000a0000000,0x00000000a05e4a20,0x00000000a2b00000)
 Metaspace       used 20906K, capacity 21190K, committed 21296K, reserved 1067008K
  class space    used 2941K, capacity 3076K, committed 3120K, reserved 1048576K
Event: 4.523 GC heap after
Heap after GC invocations=7 (full 0):
 PSYoungGen      total 38400K, used 6133K [0x00000000e0000000, 0x00000000e4f00000, 0x0000000100000000)
  eden space 32256K, 0% used [0x00000000e0000000,0x00000000e0000000,0x00000000e1f80000)
  from space 6144K, 99% used [0x00000000e1f80000,0x00000000e257d608,0x00000000e2580000)
  to   space 8192K, 0% used [0x00000000e4700000,0x00000000e4700000,0x00000000e4f00000)
 ParOldGen       total 44032K, used 8106K [0x00000000a0000000, 0x00000000a2b00000, 0x00000000e0000000)
  object space 44032K, 18% used [0x00000000a0000000,0x00000000a07ea9d8,0x00000000a2b00000)
 Metaspace       used 20906K, capacity 21190K, committed 21296K, reserved 1067008K
  class space    used 2941K, capacity 3076K, committed 3120K, reserved 1048576K
}
Event: 4.523 GC heap before
{Heap before GC invocations=8 (full 1):
 PSYoungGen      total 38400K, used 6133K [0x00000000e0000000, 0x00000000e4f00000, 0x0000000100000000)
  eden space 32256K, 0% used [0x00000000e0000000,0x00000000e0000000,0x00000000e1f80000)
  from space 6144K, 99% used [0x00000000e1f80000,0x00000000e257d608,0x00000000e2580000)
  to   space 8192K, 0% used [0x00000000e4700000,0x00000000e4700000,0x00000000e4f00000)
 ParOldGen       total 44032K, used 8106K [0x00000000a0000000, 0x00000000a2b00000, 0x00000000e0000000)
  object space 44032K, 18% used [0x00000000a0000000,0x00000000a07ea9d8,0x00000000a2b00000)
 Metaspace       used 20906K, capacity 21190K, committed 21296K, reserved 1067008K
  class space    used 2941K, capacity 3076K, committed 3120K, reserved 1048576K
Event: 4.591 GC heap after
Heap after GC invocations=8 (full 1):
 PSYoungGen      total 38400K, used 0K [0x00000000e0000000, 0x00000000e4f00000, 0x0000000100000000)
  eden space 32256K, 0% used [0x00000000e0000000,0x00000000e0000000,0x00000000e1f80000)
  from space 6144K, 0% used [0x00000000e1f80000,0x00000000e1f80000,0x00000000e2580000)
  to   space 8192K, 0% used [0x00000000e4700000,0x00000000e4700000,0x00000000e4f00000)
 ParOldGen       total 38400K, used 9170K [0x00000000a0000000, 0x00000000a2580000, 0x00000000e0000000)
  object space 38400K, 23% used [0x00000000a0000000,0x00000000a08f4b60,0x00000000a2580000)
 Metaspace       used 20906K, capacity 21190K, committed 21296K, reserved 1067008K
  class space    used 2941K, capacity 3076K, committed 3120K, reserved 1048576K
}
Event: 5.395 GC heap before
{Heap before GC invocations=9 (full 1):
 PSYoungGen      total 38400K, used 32256K [0x00000000e0000000, 0x00000000e4f00000, 0x0000000100000000)
  eden space 32256K, 100% used [0x00000000e0000000,0x00000000e1f80000,0x00000000e1f80000)
  from space 6144K, 0% used [0x00000000e1f80000,0x00000000e1f80000,0x00000000e2580000)
  to   space 8192K, 0% used [0x00000000e4700000,0x00000000e4700000,0x00000000e4f00000)
 ParOldGen       total 38400K, used 9170K [0x00000000a0000000, 0x00000000a2580000, 0x00000000e0000000)
  object space 38400K, 23% used [0x00000000a0000000,0x00000000a08f4b60,0x00000000a2580000)
 Metaspace       used 24010K, capacity 24364K, committed 24496K, reserved 1071104K
  class space    used 3356K, capacity 3493K, committed 3504K, reserved 1048576K
Event: 5.408 GC heap after
Heap after GC invocations=9 (full 1):
 PSYoungGen      total 51712K, used 3673K [0x00000000e0000000, 0x00000000e4b00000, 0x0000000100000000)
  eden space 47616K, 0% used [0x00000000e0000000,0x00000000e0000000,0x00000000e2e80000)
  from space 4096K, 89% used [0x00000000e4700000,0x00000000e4a96778,0x00000000e4b00000)
  to   space 7680K, 0% used [0x00000000e3c00000,0x00000000e3c00000,0x00000000e4380000)
 ParOldGen       total 38400K, used 9170K [0x00000000a0000000, 0x00000000a2580000, 0x00000000e0000000)
  object space 38400K, 23% used [0x00000000a0000000,0x00000000a08f4b60,0x00000000a2580000)
 Metaspace       used 24010K, capacity 24364K, committed 24496K, reserved 1071104K
  class space    used 3356K, capacity 3493K, committed 3504K, reserved 1048576K
}

