# JRE version: Java(TM) SE Runtime Environment (8.0_151-b12) (build 1.8.0_151-b12)
# Java VM: Java HotSpot(TM) 64-Bit Server VM (25.151-b12 mixed mode windows-amd64 compressed oops)
Heap:
 PSYoungGen      total 199680K, used 110139K [0x00000000e0000000, 0x00000000edd00000, 0x0000000100000000)
  eden space 175104K, 53% used [0x00000000e0000000,0x00000000e5c4ef10,0x00000000eab00000)
  from space 24576K, 63% used [0x00000000ec380000,0x00000000ed2c00a0,0x00000000edb80000)
  to   space 25088K, 0% used [0x00000000eab00000,0x00000000eab00000,0x00000000ec380000)
 ParOldGen       total 94208K, used 34922K [0x00000000a0000000, 0x00000000a5c00000, 0x00000000e0000000)
  object space 94208K, 37% used [0x00000000a0000000,0x00000000a221a938,0x00000000a5c00000)
 Metaspace       used 72401K, capacity 74558K, committed 74904K, reserved 1114112K
  class space    used 9563K, capacity 10036K, committed 10160K, reserved 1048576K
GC Heap History (10 events):
Event: 19.105 GC heap before
{Heap before GC invocations=13 (full 2):
 PSYoungGen      total 126464K, used 124598K [0x00000000e0000000, 0x00000000e8b00000, 0x0000000100000000)
  eden space 115200K, 100% used [0x00000000e0000000,0x00000000e7080000,0x00000000e7080000)
  from space 11264K, 83% used [0x00000000e7c80000,0x00000000e85ada30,0x00000000e8780000)
  to   space 12288K, 0% used [0x00000000e7080000,0x00000000e7080000,0x00000000e7c80000)
 ParOldGen       total 57344K, used 14977K [0x00000000a0000000, 0x00000000a3800000, 0x00000000e0000000)
  object space 57344K, 26% used [0x00000000a0000000,0x00000000a0ea07f0,0x00000000a3800000)
 Metaspace       used 48983K, capacity 50204K, committed 50480K, reserved 1093632K
  class space    used 6819K, capacity 7131K, committed 7216K, reserved 1048576K
Event: 19.131 GC heap after
Heap after GC invocations=13 (full 2):
 PSYoungGen      total 127488K, used 12276K [0x00000000e0000000, 0x00000000eaf80000, 0x0000000100000000)
  eden space 115200K, 0% used [0x00000000e0000000,0x00000000e0000000,0x00000000e7080000)
  from space 12288K, 99% used [0x00000000e7080000,0x00000000e7c7d218,0x00000000e7c80000)
  to   space 15360K, 0% used [0x00000000ea080000,0x00000000ea080000,0x00000000eaf80000)
 ParOldGen       total 57344K, used 19171K [0x00000000a0000000, 0x00000000a3800000, 0x00000000e0000000)
  object space 57344K, 33% used [0x00000000a0000000,0x00000000a12b8e70,0x00000000a3800000)
 Metaspace       used 48983K, capacity 50204K, committed 50480K, reserved 1093632K
  class space    used 6819K, capacity 7131K, committed 7216K, reserved 1048576K
}
Event: 44.856 GC heap before
{Heap before GC invocations=14 (full 2):
 PSYoungGen      total 127488K, used 127476K [0x00000000e0000000, 0x00000000eaf80000, 0x0000000100000000)
  eden space 115200K, 100% used [0x00000000e0000000,0x00000000e7080000,0x00000000e7080000)
  from space 12288K, 99% used [0x00000000e7080000,0x00000000e7c7d218,0x00000000e7c80000)
  to   space 15360K, 0% used [0x00000000ea080000,0x00000000ea080000,0x00000000eaf80000)
 ParOldGen       total 57344K, used 19171K [0x00000000a0000000, 0x00000000a3800000, 0x00000000e0000000)
  object space 57344K, 33% used [0x00000000a0000000,0x00000000a12b8e70,0x00000000a3800000)
 Metaspace       used 53705K, capacity 55192K, committed 55472K, reserved 1097728K
  class space    used 7416K, capacity 7765K, committed 7856K, reserved 1048576K
Event: 44.916 GC heap after
Heap after GC invocations=14 (full 2):
 PSYoungGen      total 158208K, used 15348K [0x00000000e0000000, 0x00000000eb800000, 0x0000000100000000)
  eden space 142848K, 0% used [0x00000000e0000000,0x00000000e0000000,0x00000000e8b80000)
  from space 15360K, 99% used [0x00000000ea080000,0x00000000eaf7d0e8,0x00000000eaf80000)
  to   space 21504K, 0% used [0x00000000e8b80000,0x00000000e8b80000,0x00000000ea080000)
 ParOldGen       total 57344K, used 29469K [0x00000000a0000000, 0x00000000a3800000, 0x00000000e0000000)
  object space 57344K, 51% used [0x00000000a0000000,0x00000000a1cc74c0,0x00000000a3800000)
 Metaspace       used 53705K, capacity 55192K, committed 55472K, reserved 1097728K
  class space    used 7416K, capacity 7765K, committed 7856K, reserved 1048576K
}
Event: 61.763 GC heap before
{Heap before GC invocations=15 (full 2):
 PSYoungGen      total 158208K, used 121388K [0x00000000e0000000, 0x00000000eb800000, 0x0000000100000000)
  eden space 142848K, 74% used [0x00000000e0000000,0x00000000e678e290,0x00000000e8b80000)
  from space 15360K, 99% used [0x00000000ea080000,0x00000000eaf7d0e8,0x00000000eaf80000)
  to   space 21504K, 0% used [0x00000000e8b80000,0x00000000e8b80000,0x00000000ea080000)
 ParOldGen       total 57344K, used 29469K [0x00000000a0000000, 0x00000000a3800000, 0x00000000e0000000)
  object space 57344K, 51% used [0x00000000a0000000,0x00000000a1cc74c0,0x00000000a3800000)
 Metaspace       used 57509K, capacity 59094K, committed 59160K, reserved 1099776K
  class space    used 7831K, capacity 8176K, committed 8240K, reserved 1048576K
Event: 61.797 GC heap after
Heap after GC invocations=15 (full 2):
 PSYoungGen      total 164352K, used 20408K [0x00000000e0000000, 0x00000000edb80000, 0x0000000100000000)
  eden space 142848K, 0% used [0x00000000e0000000,0x00000000e0000000,0x00000000e8b80000)
  from space 21504K, 94% used [0x00000000e8b80000,0x00000000e9f6e338,0x00000000ea080000)
  to   space 24576K, 0% used [0x00000000ec380000,0x00000000ec380000,0x00000000edb80000)
 ParOldGen       total 57344K, used 29477K [0x00000000a0000000, 0x00000000a3800000, 0x00000000e0000000)
  object space 57344K, 51% used [0x00000000a0000000,0x00000000a1cc94c0,0x00000000a3800000)
 Metaspace       used 57509K, capacity 59094K, committed 59160K, reserved 1099776K
  class space    used 7831K, capacity 8176K, committed 8240K, reserved 1048576K
}
Event: 61.797 GC heap before
{Heap before GC invocations=16 (full 3):
 PSYoungGen      total 164352K, used 20408K [0x00000000e0000000, 0x00000000edb80000, 0x0000000100000000)
  eden space 142848K, 0% used [0x00000000e0000000,0x00000000e0000000,0x00000000e8b80000)
  from space 21504K, 94% used [0x00000000e8b80000,0x00000000e9f6e338,0x00000000ea080000)
  to   space 24576K, 0% used [0x00000000ec380000,0x00000000ec380000,0x00000000edb80000)
 ParOldGen       total 57344K, used 29477K [0x00000000a0000000, 0x00000000a3800000, 0x00000000e0000000)
  object space 57344K, 51% used [0x00000000a0000000,0x00000000a1cc94c0,0x00000000a3800000)
 Metaspace       used 57509K, capacity 59094K, committed 59160K, reserved 1099776K
  class space    used 7831K, capacity 8176K, committed 8240K, reserved 1048576K
Event: 62.068 GC heap after
Heap after GC invocations=16 (full 3):
 PSYoungGen      total 164352K, used 0K [0x00000000e0000000, 0x00000000edb80000, 0x0000000100000000)
  eden space 142848K, 0% used [0x00000000e0000000,0x00000000e0000000,0x00000000e8b80000)
  from space 21504K, 0% used [0x00000000e8b80000,0x00000000e8b80000,0x00000000ea080000)
  to   space 24576K, 0% used [0x00000000ec380000,0x00000000ec380000,0x00000000edb80000)
 ParOldGen       total 94208K, used 34895K [0x00000000a0000000, 0x00000000a5c00000, 0x00000000e0000000)
  object space 94208K, 37% used [0x00000000a0000000,0x00000000a2213ce8,0x00000000a5c00000)
 Metaspace       used 57509K, capacity 59094K, committed 59160K, reserved 1099776K
  class space    used 7831K, capacity 8176K, committed 8240K, reserved 1048576K
}
Event: 73.320 GC heap before
{Heap before GC invocations=17 (full 3):
 PSYoungGen      total 164352K, used 142848K [0x00000000e0000000, 0x00000000edb80000, 0x0000000100000000)
  eden space 142848K, 100% used [0x00000000e0000000,0x00000000e8b80000,0x00000000e8b80000)
  from space 21504K, 0% used [0x00000000e8b80000,0x00000000e8b80000,0x00000000ea080000)
  to   space 24576K, 0% used [0x00000000ec380000,0x00000000ec380000,0x00000000edb80000)
 ParOldGen       total 94208K, used 34895K [0x00000000a0000000, 0x00000000a5c00000, 0x00000000e0000000)
  object space 94208K, 37% used [0x00000000a0000000,0x00000000a2213ce8,0x00000000a5c00000)
 Metaspace       used 67182K, capacity 68910K, committed 69144K, reserved 1110016K
  class space    used 9034K, capacity 9438K, committed 9520K, reserved 1048576K
Event: 73.351 GC heap after
Heap after GC invocations=17 (full 3):
 PSYoungGen      total 199680K, used 15616K [0x00000000e0000000, 0x00000000edd00000, 0x0000000100000000)
  eden space 175104K, 0% used [0x00000000e0000000,0x00000000e0000000,0x00000000eab00000)
  from space 24576K, 63% used [0x00000000ec380000,0x00000000ed2c00a0,0x00000000edb80000)
  to   space 25088K, 0% used [0x00000000eab00000,0x00000000eab00000,0x00000000ec380000)
 ParOldGen       total 94208K, used 34922K [0x00000000a0000000, 0x00000000a5c00000, 0x00000000e0000000)
  object space 94208K, 37% used [0x00000000a0000000,0x00000000a221a938,0x00000000a5c00000)
 Metaspace       used 67182K, capacity 68910K, committed 69144K, reserved 1110016K
  class space    used 9034K, capacity 9438K, committed 9520K, reserved 1048576K
}

